<?xml version="1.0" encoding="UTF-8"?>
<testsuites tests="1" failures="0" disabled="0" errors="0" time="0." timestamp="2025-08-15T19:53:41.425" name="AllTests">
  <testsuite name="ConsoleServiceSimpleTest" tests="1" failures="0" disabled="0" skipped="0" errors="0" time="0." timestamp="2025-08-15T19:53:41.425">
    <testcase name="BasicTests" file="/Users/jinghuiliao/git/r3e/neo_cpp/tests/unit/console_service/test_console_service_simple.cpp" line="3" status="run" result="completed" time="0." timestamp="2025-08-15T19:53:41.425" classname="ConsoleServiceSimpleTest" />
  </testsuite>
</testsuites>
