<?xml version="1.0" encoding="UTF-8"?>
<testsuites tests="58" failures="0" disabled="0" errors="0" time="0.001" timestamp="2025-08-15T19:53:22.367" name="AllTests">
  <testsuite name="MemoryStoreTest" tests="8" failures="0" disabled="0" skipped="0" errors="0" time="0." timestamp="2025-08-15T19:53:22.367">
    <testcase name="TryGet" file="/Users/jinghuiliao/git/r3e/neo_cpp/tests/unit/persistence/test_memory_store.cpp" line="8" status="run" result="completed" time="0." timestamp="2025-08-15T19:53:22.367" classname="MemoryStoreTest" />
    <testcase name="Contains" file="/Users/jinghuiliao/git/r3e/neo_cpp/tests/unit/persistence/test_memory_store.cpp" line="31" status="run" result="completed" time="0." timestamp="2025-08-15T19:53:22.367" classname="MemoryStoreTest" />
    <testcase name="Find" file="/Users/jinghuiliao/git/r3e/neo_cpp/tests/unit/persistence/test_memory_store.cpp" line="50" status="run" result="completed" time="0." timestamp="2025-08-15T19:53:22.367" classname="MemoryStoreTest" />
    <testcase name="Put" file="/Users/jinghuiliao/git/r3e/neo_cpp/tests/unit/persistence/test_memory_store.cpp" line="90" status="run" result="completed" time="0." timestamp="2025-08-15T19:53:22.367" classname="MemoryStoreTest" />
    <testcase name="Delete" file="/Users/jinghuiliao/git/r3e/neo_cpp/tests/unit/persistence/test_memory_store.cpp" line="112" status="run" result="completed" time="0." timestamp="2025-08-15T19:53:22.367" classname="MemoryStoreTest" />
    <testcase name="CreateSnapshot" file="/Users/jinghuiliao/git/r3e/neo_cpp/tests/unit/persistence/test_memory_store.cpp" line="135" status="run" result="completed" time="0." timestamp="2025-08-15T19:53:22.367" classname="MemoryStoreTest" />
    <testcase name="SnapshotDelete" file="/Users/jinghuiliao/git/r3e/neo_cpp/tests/unit/persistence/test_memory_store.cpp" line="175" status="run" result="completed" time="0." timestamp="2025-08-15T19:53:22.367" classname="MemoryStoreTest" />
    <testcase name="SnapshotFind" file="/Users/jinghuiliao/git/r3e/neo_cpp/tests/unit/persistence/test_memory_store.cpp" line="207" status="run" result="completed" time="0." timestamp="2025-08-15T19:53:22.367" classname="MemoryStoreTest" />
  </testsuite>
  <testsuite name="StorageKeyTest" tests="5" failures="0" disabled="0" skipped="0" errors="0" time="0." timestamp="2025-08-15T19:53:22.367">
    <testcase name="Constructor" file="/Users/jinghuiliao/git/r3e/neo_cpp/tests/unit/persistence/test_storage_key.cpp" line="10" status="run" result="completed" time="0." timestamp="2025-08-15T19:53:22.367" classname="StorageKeyTest" />
    <testcase name="Serialization" file="/Users/jinghuiliao/git/r3e/neo_cpp/tests/unit/persistence/test_storage_key.cpp" line="30" status="run" result="completed" time="0." timestamp="2025-08-15T19:53:22.367" classname="StorageKeyTest" />
    <testcase name="ToArray" file="/Users/jinghuiliao/git/r3e/neo_cpp/tests/unit/persistence/test_storage_key.cpp" line="61" status="run" result="completed" time="0." timestamp="2025-08-15T19:53:22.367" classname="StorageKeyTest" />
    <testcase name="Equality" file="/Users/jinghuiliao/git/r3e/neo_cpp/tests/unit/persistence/test_storage_key.cpp" line="83" status="run" result="completed" time="0." timestamp="2025-08-15T19:53:22.368" classname="StorageKeyTest" />
    <testcase name="Comparison" file="/Users/jinghuiliao/git/r3e/neo_cpp/tests/unit/persistence/test_storage_key.cpp" line="113" status="run" result="completed" time="0." timestamp="2025-08-15T19:53:22.368" classname="StorageKeyTest" />
  </testsuite>
  <testsuite name="PersistenceSimpleTest" tests="5" failures="0" disabled="0" skipped="0" errors="0" time="0." timestamp="2025-08-15T19:53:22.368">
    <testcase name="MemoryStoreBasics" file="/Users/jinghuiliao/git/r3e/neo_cpp/tests/unit/persistence/test_persistence_simple.cpp" line="25" status="run" result="completed" time="0." timestamp="2025-08-15T19:53:22.368" classname="PersistenceSimpleTest" />
    <testcase name="StoreAndRetrieveData" file="/Users/jinghuiliao/git/r3e/neo_cpp/tests/unit/persistence/test_persistence_simple.cpp" line="35" status="run" result="completed" time="0." timestamp="2025-08-15T19:53:22.368" classname="PersistenceSimpleTest" />
    <testcase name="DeleteData" file="/Users/jinghuiliao/git/r3e/neo_cpp/tests/unit/persistence/test_persistence_simple.cpp" line="61" status="run" result="completed" time="0." timestamp="2025-08-15T19:53:22.368" classname="PersistenceSimpleTest" />
    <testcase name="MultipleKeys" file="/Users/jinghuiliao/git/r3e/neo_cpp/tests/unit/persistence/test_persistence_simple.cpp" line="88" status="run" result="completed" time="0." timestamp="2025-08-15T19:53:22.368" classname="PersistenceSimpleTest" />
    <testcase name="SnapshotIsolation" file="/Users/jinghuiliao/git/r3e/neo_cpp/tests/unit/persistence/test_persistence_simple.cpp" line="116" status="run" result="completed" time="0." timestamp="2025-08-15T19:53:22.368" classname="PersistenceSimpleTest" />
  </testsuite>
  <testsuite name="StorageItemTest" tests="5" failures="0" disabled="0" skipped="0" errors="0" time="0." timestamp="2025-08-15T19:53:22.368">
    <testcase name="Constructor" file="/Users/jinghuiliao/git/r3e/neo_cpp/tests/unit/persistence/test_storage_item.cpp" line="10" status="run" result="completed" time="0." timestamp="2025-08-15T19:53:22.368" classname="StorageItemTest" />
    <testcase name="SetValue" file="/Users/jinghuiliao/git/r3e/neo_cpp/tests/unit/persistence/test_storage_item.cpp" line="22" status="run" result="completed" time="0." timestamp="2025-08-15T19:53:22.368" classname="StorageItemTest" />
    <testcase name="Serialization" file="/Users/jinghuiliao/git/r3e/neo_cpp/tests/unit/persistence/test_storage_item.cpp" line="39" status="run" result="completed" time="0." timestamp="2025-08-15T19:53:22.368" classname="StorageItemTest" />
    <testcase name="ToArray" file="/Users/jinghuiliao/git/r3e/neo_cpp/tests/unit/persistence/test_storage_item.cpp" line="60" status="run" result="completed" time="0." timestamp="2025-08-15T19:53:22.368" classname="StorageItemTest" />
    <testcase name="Equality" file="/Users/jinghuiliao/git/r3e/neo_cpp/tests/unit/persistence/test_storage_item.cpp" line="77" status="run" result="completed" time="0." timestamp="2025-08-15T19:53:22.368" classname="StorageItemTest" />
  </testsuite>
  <testsuite name="DataCacheTest" tests="4" failures="0" disabled="0" skipped="0" errors="0" time="0." timestamp="2025-08-15T19:53:22.368">
    <testcase name="StoreCache" file="/Users/jinghuiliao/git/r3e/neo_cpp/tests/unit/persistence/test_data_cache.cpp" line="11" status="run" result="completed" time="0." timestamp="2025-08-15T19:53:22.368" classname="DataCacheTest" />
    <testcase name="StoreCacheFind" file="/Users/jinghuiliao/git/r3e/neo_cpp/tests/unit/persistence/test_data_cache.cpp" line="81" status="run" result="completed" time="0." timestamp="2025-08-15T19:53:22.368" classname="DataCacheTest" />
    <testcase name="ClonedCache" file="/Users/jinghuiliao/git/r3e/neo_cpp/tests/unit/persistence/test_data_cache.cpp" line="138" status="run" result="completed" time="0." timestamp="2025-08-15T19:53:22.368" classname="DataCacheTest" />
    <testcase name="ClonedCacheFind" file="/Users/jinghuiliao/git/r3e/neo_cpp/tests/unit/persistence/test_data_cache.cpp" line="195" status="run" result="completed" time="0." timestamp="2025-08-15T19:53:22.368" classname="DataCacheTest" />
  </testsuite>
  <testsuite name="ClonedCacheTest" tests="14" failures="0" disabled="0" skipped="0" errors="0" time="0." timestamp="2025-08-15T19:53:22.368">
    <testcase name="TestConstructor" file="/Users/jinghuiliao/git/r3e/neo_cpp/tests/unit/persistence/test_cloned_cache.cpp" line="212" status="run" result="completed" time="0." timestamp="2025-08-15T19:53:22.368" classname="ClonedCacheTest" />
    <testcase name="TestConstructorNullInner" file="/Users/jinghuiliao/git/r3e/neo_cpp/tests/unit/persistence/test_cloned_cache.cpp" line="220" status="run" result="completed" time="0." timestamp="2025-08-15T19:53:22.368" classname="ClonedCacheTest" />
    <testcase name="TestGetFromInner" file="/Users/jinghuiliao/git/r3e/neo_cpp/tests/unit/persistence/test_cloned_cache.cpp" line="226" status="run" result="completed" time="0." timestamp="2025-08-15T19:53:22.368" classname="ClonedCacheTest" />
    <testcase name="TestTryGetFromInner" file="/Users/jinghuiliao/git/r3e/neo_cpp/tests/unit/persistence/test_cloned_cache.cpp" line="237" status="run" result="completed" time="0." timestamp="2025-08-15T19:53:22.368" classname="ClonedCacheTest" />
    <testcase name="TestAddToCloned" file="/Users/jinghuiliao/git/r3e/neo_cpp/tests/unit/persistence/test_cloned_cache.cpp" line="251" status="run" result="completed" time="0." timestamp="2025-08-15T19:53:22.368" classname="ClonedCacheTest" />
    <testcase name="TestUpdateInCloned" file="/Users/jinghuiliao/git/r3e/neo_cpp/tests/unit/persistence/test_cloned_cache.cpp" line="268" status="run" result="completed" time="0." timestamp="2025-08-15T19:53:22.368" classname="ClonedCacheTest" />
    <testcase name="TestDeleteFromCloned" file="/Users/jinghuiliao/git/r3e/neo_cpp/tests/unit/persistence/test_cloned_cache.cpp" line="285" status="run" result="completed" time="0." timestamp="2025-08-15T19:53:22.368" classname="ClonedCacheTest" />
    <testcase name="TestCommitChanges" file="/Users/jinghuiliao/git/r3e/neo_cpp/tests/unit/persistence/test_cloned_cache.cpp" line="302" status="run" result="completed" time="0." timestamp="2025-08-15T19:53:22.368" classname="ClonedCacheTest" />
    <testcase name="TestCount" file="/Users/jinghuiliao/git/r3e/neo_cpp/tests/unit/persistence/test_cloned_cache.cpp" line="334" status="run" result="completed" time="0." timestamp="2025-08-15T19:53:22.368" classname="ClonedCacheTest" />
    <testcase name="TestFind" file="/Users/jinghuiliao/git/r3e/neo_cpp/tests/unit/persistence/test_cloned_cache.cpp" line="355" status="run" result="completed" time="0." timestamp="2025-08-15T19:53:22.368" classname="ClonedCacheTest" />
    <testcase name="TestReadOnlyBehavior" file="/Users/jinghuiliao/git/r3e/neo_cpp/tests/unit/persistence/test_cloned_cache.cpp" line="398" status="run" result="completed" time="0." timestamp="2025-08-15T19:53:22.368" classname="ClonedCacheTest" />
    <testcase name="TestIsolation" file="/Users/jinghuiliao/git/r3e/neo_cpp/tests/unit/persistence/test_cloned_cache.cpp" line="449" status="run" result="completed" time="0." timestamp="2025-08-15T19:53:22.368" classname="ClonedCacheTest" />
    <testcase name="TestUpdateNonExistentKey" file="/Users/jinghuiliao/git/r3e/neo_cpp/tests/unit/persistence/test_cloned_cache.cpp" line="474" status="run" result="completed" time="0." timestamp="2025-08-15T19:53:22.368" classname="ClonedCacheTest" />
    <testcase name="TestAddExistingKey" file="/Users/jinghuiliao/git/r3e/neo_cpp/tests/unit/persistence/test_cloned_cache.cpp" line="484" status="run" result="completed" time="0." timestamp="2025-08-15T19:53:22.368" classname="ClonedCacheTest" />
  </testsuite>
  <testsuite name="StoreCacheTest" tests="17" failures="0" disabled="0" skipped="0" errors="0" time="0." timestamp="2025-08-15T19:53:22.368">
    <testcase name="TestConstructor" file="/Users/jinghuiliao/git/r3e/neo_cpp/tests/unit/persistence/test_store_cache.cpp" line="32" status="run" result="completed" time="0." timestamp="2025-08-15T19:53:22.368" classname="StoreCacheTest" />
    <testcase name="TestGetFromStore" file="/Users/jinghuiliao/git/r3e/neo_cpp/tests/unit/persistence/test_store_cache.cpp" line="43" status="run" result="completed" time="0." timestamp="2025-08-15T19:53:22.368" classname="StoreCacheTest" />
    <testcase name="TestTryGetFromStore" file="/Users/jinghuiliao/git/r3e/neo_cpp/tests/unit/persistence/test_store_cache.cpp" line="57" status="run" result="completed" time="0." timestamp="2025-08-15T19:53:22.368" classname="StoreCacheTest" />
    <testcase name="TestAddNewItem" file="/Users/jinghuiliao/git/r3e/neo_cpp/tests/unit/persistence/test_store_cache.cpp" line="71" status="run" result="completed" time="0." timestamp="2025-08-15T19:53:22.368" classname="StoreCacheTest" />
    <testcase name="TestAddExistingKey" file="/Users/jinghuiliao/git/r3e/neo_cpp/tests/unit/persistence/test_store_cache.cpp" line="91" status="run" result="completed" time="0." timestamp="2025-08-15T19:53:22.368" classname="StoreCacheTest" />
    <testcase name="TestUpdateExistingItem" file="/Users/jinghuiliao/git/r3e/neo_cpp/tests/unit/persistence/test_store_cache.cpp" line="104" status="run" result="completed" time="0." timestamp="2025-08-15T19:53:22.368" classname="StoreCacheTest" />
    <testcase name="TestUpdateNonExistentKey" file="/Users/jinghuiliao/git/r3e/neo_cpp/tests/unit/persistence/test_store_cache.cpp" line="127" status="run" result="completed" time="0." timestamp="2025-08-15T19:53:22.368" classname="StoreCacheTest" />
    <testcase name="TestUpdateAddedItem" file="/Users/jinghuiliao/git/r3e/neo_cpp/tests/unit/persistence/test_store_cache.cpp" line="137" status="run" result="completed" time="0." timestamp="2025-08-15T19:53:22.368" classname="StoreCacheTest" />
    <testcase name="TestDeleteExistingItem" file="/Users/jinghuiliao/git/r3e/neo_cpp/tests/unit/persistence/test_store_cache.cpp" line="155" status="run" result="completed" time="0." timestamp="2025-08-15T19:53:22.368" classname="StoreCacheTest" />
    <testcase name="TestDeleteAddedItem" file="/Users/jinghuiliao/git/r3e/neo_cpp/tests/unit/persistence/test_store_cache.cpp" line="175" status="run" result="completed" time="0." timestamp="2025-08-15T19:53:22.368" classname="StoreCacheTest" />
    <testcase name="TestGetTrackedItems" file="/Users/jinghuiliao/git/r3e/neo_cpp/tests/unit/persistence/test_store_cache.cpp" line="191" status="run" result="completed" time="0." timestamp="2025-08-15T19:53:22.368" classname="StoreCacheTest" />
    <testcase name="TestGetChangedItems" file="/Users/jinghuiliao/git/r3e/neo_cpp/tests/unit/persistence/test_store_cache.cpp" line="238" status="run" result="completed" time="0." timestamp="2025-08-15T19:53:22.369" classname="StoreCacheTest" />
    <testcase name="TestGetDeletedItems" file="/Users/jinghuiliao/git/r3e/neo_cpp/tests/unit/persistence/test_store_cache.cpp" line="281" status="run" result="completed" time="0." timestamp="2025-08-15T19:53:22.369" classname="StoreCacheTest" />
    <testcase name="TestCount" file="/Users/jinghuiliao/git/r3e/neo_cpp/tests/unit/persistence/test_store_cache.cpp" line="298" status="run" result="completed" time="0." timestamp="2025-08-15T19:53:22.369" classname="StoreCacheTest" />
    <testcase name="TestFind" file="/Users/jinghuiliao/git/r3e/neo_cpp/tests/unit/persistence/test_store_cache.cpp" line="319" status="run" result="completed" time="0." timestamp="2025-08-15T19:53:22.369" classname="StoreCacheTest" />
    <testcase name="TestTrackStateEnum" file="/Users/jinghuiliao/git/r3e/neo_cpp/tests/unit/persistence/test_store_cache.cpp" line="369" status="run" result="completed" time="0." timestamp="2025-08-15T19:53:22.369" classname="StoreCacheTest" />
    <testcase name="TestSeekDirectionEnum" file="/Users/jinghuiliao/git/r3e/neo_cpp/tests/unit/persistence/test_store_cache.cpp" line="378" status="run" result="completed" time="0." timestamp="2025-08-15T19:53:22.369" classname="StoreCacheTest" />
  </testsuite>
</testsuites>
