<?xml version="1.0" encoding="UTF-8"?>
<testsuites tests="56" failures="0" disabled="1" errors="0" time="0.01" timestamp="2025-08-15T19:52:45.223" name="AllTests">
  <testsuite name="HashTest" tests="6" failures="0" disabled="0" skipped="0" errors="0" time="0.001" timestamp="2025-08-15T19:52:45.223">
    <testcase name="Sha256" file="/Users/jinghuiliao/git/r3e/neo_cpp/tests/unit/cryptography/test_hash.cpp" line="8" status="run" result="completed" time="0.001" timestamp="2025-08-15T19:52:45.223" classname="HashTest" />
    <testcase name="Ripemd160" file="/Users/jinghuiliao/git/r3e/neo_cpp/tests/unit/cryptography/test_hash.cpp" line="21" status="run" result="completed" time="0." timestamp="2025-08-15T19:52:45.224" classname="HashTest" />
    <testcase name="Hash256" file="/Users/jinghuiliao/git/r3e/neo_cpp/tests/unit/cryptography/test_hash.cpp" line="34" status="run" result="completed" time="0." timestamp="2025-08-15T19:52:45.224" classname="HashTest" />
    <testcase name="Hash160" file="/Users/jinghuiliao/git/r3e/neo_cpp/tests/unit/cryptography/test_hash.cpp" line="52" status="run" result="completed" time="0." timestamp="2025-08-15T19:52:45.224" classname="HashTest" />
    <testcase name="Keccak256" file="/Users/jinghuiliao/git/r3e/neo_cpp/tests/unit/cryptography/test_hash.cpp" line="70" status="run" result="completed" time="0." timestamp="2025-08-15T19:52:45.224" classname="HashTest" />
    <testcase name="Murmur32" file="/Users/jinghuiliao/git/r3e/neo_cpp/tests/unit/cryptography/test_hash.cpp" line="95" status="run" result="completed" time="0." timestamp="2025-08-15T19:52:45.224" classname="HashTest" />
  </testsuite>
  <testsuite name="CryptoTest" tests="5" failures="0" disabled="0" skipped="0" errors="0" time="0." timestamp="2025-08-15T19:52:45.224">
    <testcase name="GenerateRandomBytes" file="/Users/jinghuiliao/git/r3e/neo_cpp/tests/unit/cryptography/test_crypto.cpp" line="8" status="run" result="completed" time="0." timestamp="2025-08-15T19:52:45.224" classname="CryptoTest" />
    <testcase name="AesEncryptDecrypt" file="/Users/jinghuiliao/git/r3e/neo_cpp/tests/unit/cryptography/test_crypto.cpp" line="22" status="run" result="completed" time="0." timestamp="2025-08-15T19:52:45.225" classname="CryptoTest" />
    <testcase name="PBKDF2" file="/Users/jinghuiliao/git/r3e/neo_cpp/tests/unit/cryptography/test_crypto.cpp" line="48" status="run" result="completed" time="0." timestamp="2025-08-15T19:52:45.225" classname="CryptoTest" />
    <testcase name="HmacSha256" file="/Users/jinghuiliao/git/r3e/neo_cpp/tests/unit/cryptography/test_crypto.cpp" line="68" status="run" result="completed" time="0." timestamp="2025-08-15T19:52:45.225" classname="CryptoTest" />
    <testcase name="Base64EncodeDecode" file="/Users/jinghuiliao/git/r3e/neo_cpp/tests/unit/cryptography/test_crypto.cpp" line="88" status="run" result="completed" time="0." timestamp="2025-08-15T19:52:45.225" classname="CryptoTest" />
  </testsuite>
  <testsuite name="MerkleTreeTest" tests="4" failures="0" disabled="0" skipped="0" errors="0" time="0." timestamp="2025-08-15T19:52:45.225">
    <testcase name="ComputeRootEmpty" file="/Users/jinghuiliao/git/r3e/neo_cpp/tests/unit/cryptography/test_merkletree.cpp" line="9" status="run" result="completed" time="0." timestamp="2025-08-15T19:52:45.225" classname="MerkleTreeTest" />
    <testcase name="ComputeRootSingle" file="/Users/jinghuiliao/git/r3e/neo_cpp/tests/unit/cryptography/test_merkletree.cpp" line="16" status="run" result="completed" time="0." timestamp="2025-08-15T19:52:45.225" classname="MerkleTreeTest" />
    <testcase name="ComputeRootPair" file="/Users/jinghuiliao/git/r3e/neo_cpp/tests/unit/cryptography/test_merkletree.cpp" line="25" status="run" result="completed" time="0." timestamp="2025-08-15T19:52:45.225" classname="MerkleTreeTest" />
    <testcase name="BuildAndDepthFirstSearch" file="/Users/jinghuiliao/git/r3e/neo_cpp/tests/unit/cryptography/test_merkletree.cpp" line="42" status="run" result="completed" time="0." timestamp="2025-08-15T19:52:45.225" classname="MerkleTreeTest" />
  </testsuite>
  <testsuite name="ECRecoverTest" tests="6" failures="0" disabled="0" skipped="0" errors="0" time="0.007" timestamp="2025-08-15T19:52:45.225">
    <testcase name="TestBasicRecovery" file="/Users/jinghuiliao/git/r3e/neo_cpp/tests/unit/cryptography/test_ecrecover.cpp" line="22" status="run" result="completed" time="0." timestamp="2025-08-15T19:52:45.225" classname="ECRecoverTest" />
    <testcase name="TestKnownVectors" file="/Users/jinghuiliao/git/r3e/neo_cpp/tests/unit/cryptography/test_ecrecover.cpp" line="46" status="run" result="completed" time="0." timestamp="2025-08-15T19:52:45.225" classname="ECRecoverTest" />
    <testcase name="TestInvalidInputs" file="/Users/jinghuiliao/git/r3e/neo_cpp/tests/unit/cryptography/test_ecrecover.cpp" line="70" status="run" result="completed" time="0." timestamp="2025-08-15T19:52:45.226" classname="ECRecoverTest" />
    <testcase name="TestEdgeCases" file="/Users/jinghuiliao/git/r3e/neo_cpp/tests/unit/cryptography/test_ecrecover.cpp" line="96" status="run" result="completed" time="0." timestamp="2025-08-15T19:52:45.226" classname="ECRecoverTest" />
    <testcase name="TestRecoveryConsistency" file="/Users/jinghuiliao/git/r3e/neo_cpp/tests/unit/cryptography/test_ecrecover.cpp" line="154" status="run" result="completed" time="0.005" timestamp="2025-08-15T19:52:45.227" classname="ECRecoverTest" />
    <testcase name="TestDifferentMessagesProduceDifferentResults" file="/Users/jinghuiliao/git/r3e/neo_cpp/tests/unit/cryptography/test_ecrecover.cpp" line="191" status="run" result="completed" time="0." timestamp="2025-08-15T19:52:45.232" classname="ECRecoverTest" />
  </testsuite>
  <testsuite name="BLS12381CompleteTest" tests="14" failures="0" disabled="1" skipped="6" errors="0" time="0." timestamp="2025-08-15T19:52:45.233">
    <testcase name="G1PointConstruction" file="/Users/jinghuiliao/git/r3e/neo_cpp/tests/unit/cryptography/test_bls12_381_complete.cpp" line="28" status="run" result="completed" time="0." timestamp="2025-08-15T19:52:45.233" classname="BLS12381CompleteTest" />
    <testcase name="G1PointArithmetic" file="/Users/jinghuiliao/git/r3e/neo_cpp/tests/unit/cryptography/test_bls12_381_complete.cpp" line="61" status="run" result="skipped" time="0." timestamp="2025-08-15T19:52:45.233" classname="BLS12381CompleteTest">
      <skipped message="/Users/jinghuiliao/git/r3e/neo_cpp/tests/unit/cryptography/test_bls12_381_complete.cpp:66&#x0A;BLS12-381 arithmetic operations need proper implementation&#x0A;"><![CDATA[/Users/jinghuiliao/git/r3e/neo_cpp/tests/unit/cryptography/test_bls12_381_complete.cpp:66
BLS12-381 arithmetic operations need proper implementation
]]></skipped>
    </testcase>
    <testcase name="G2PointConstruction" file="/Users/jinghuiliao/git/r3e/neo_cpp/tests/unit/cryptography/test_bls12_381_complete.cpp" line="102" status="run" result="skipped" time="0." timestamp="2025-08-15T19:52:45.233" classname="BLS12381CompleteTest">
      <skipped message="/Users/jinghuiliao/git/r3e/neo_cpp/tests/unit/cryptography/test_bls12_381_complete.cpp:105&#x0A;G2Point serialization needs proper implementation&#x0A;"><![CDATA[/Users/jinghuiliao/git/r3e/neo_cpp/tests/unit/cryptography/test_bls12_381_complete.cpp:105
G2Point serialization needs proper implementation
]]></skipped>
    </testcase>
    <testcase name="G2PointArithmetic" file="/Users/jinghuiliao/git/r3e/neo_cpp/tests/unit/cryptography/test_bls12_381_complete.cpp" line="140" status="run" result="skipped" time="0." timestamp="2025-08-15T19:52:45.233" classname="BLS12381CompleteTest">
      <skipped message="/Users/jinghuiliao/git/r3e/neo_cpp/tests/unit/cryptography/test_bls12_381_complete.cpp:143&#x0A;BLS12-381 arithmetic operations need proper implementation&#x0A;"><![CDATA[/Users/jinghuiliao/git/r3e/neo_cpp/tests/unit/cryptography/test_bls12_381_complete.cpp:143
BLS12-381 arithmetic operations need proper implementation
]]></skipped>
    </testcase>
    <testcase name="GTPointOperations" file="/Users/jinghuiliao/git/r3e/neo_cpp/tests/unit/cryptography/test_bls12_381_complete.cpp" line="172" status="run" result="completed" time="0." timestamp="2025-08-15T19:52:45.233" classname="BLS12381CompleteTest" />
    <testcase name="PairingOperations" file="/Users/jinghuiliao/git/r3e/neo_cpp/tests/unit/cryptography/test_bls12_381_complete.cpp" line="193" status="run" result="completed" time="0." timestamp="2025-08-15T19:52:45.233" classname="BLS12381CompleteTest" />
    <testcase name="BLSSignatures" file="/Users/jinghuiliao/git/r3e/neo_cpp/tests/unit/cryptography/test_bls12_381_complete.cpp" line="228" status="run" result="skipped" time="0." timestamp="2025-08-15T19:52:45.233" classname="BLS12381CompleteTest">
      <skipped message="/Users/jinghuiliao/git/r3e/neo_cpp/tests/unit/cryptography/test_bls12_381_complete.cpp:231&#x0A;BLS signature operations need proper implementation&#x0A;"><![CDATA[/Users/jinghuiliao/git/r3e/neo_cpp/tests/unit/cryptography/test_bls12_381_complete.cpp:231
BLS signature operations need proper implementation
]]></skipped>
    </testcase>
    <testcase name="HashToG1" file="/Users/jinghuiliao/git/r3e/neo_cpp/tests/unit/cryptography/test_bls12_381_complete.cpp" line="298" status="run" result="completed" time="0." timestamp="2025-08-15T19:52:45.233" classname="BLS12381CompleteTest" />
    <testcase name="HelperFunctions" file="/Users/jinghuiliao/git/r3e/neo_cpp/tests/unit/cryptography/test_bls12_381_complete.cpp" line="317" status="run" result="skipped" time="0." timestamp="2025-08-15T19:52:45.233" classname="BLS12381CompleteTest">
      <skipped message="/Users/jinghuiliao/git/r3e/neo_cpp/tests/unit/cryptography/test_bls12_381_complete.cpp:320&#x0A;BLS12-381 helper functions need proper implementation&#x0A;"><![CDATA[/Users/jinghuiliao/git/r3e/neo_cpp/tests/unit/cryptography/test_bls12_381_complete.cpp:320
BLS12-381 helper functions need proper implementation
]]></skipped>
    </testcase>
    <testcase name="EdgeCases" file="/Users/jinghuiliao/git/r3e/neo_cpp/tests/unit/cryptography/test_bls12_381_complete.cpp" line="372" status="run" result="completed" time="0." timestamp="2025-08-15T19:52:45.233" classname="BLS12381CompleteTest" />
    <testcase name="DISABLED_PerformanceBenchmarks" file="/Users/jinghuiliao/git/r3e/neo_cpp/tests/unit/cryptography/test_bls12_381_complete.cpp" line="395" status="notrun" result="suppressed" time="0." timestamp="1970-01-01T08:00:00.000" classname="BLS12381CompleteTest" />
    <testcase name="NeoProtocolCompatibility" file="/Users/jinghuiliao/git/r3e/neo_cpp/tests/unit/cryptography/test_bls12_381_complete.cpp" line="444" status="run" result="completed" time="0." timestamp="2025-08-15T19:52:45.233" classname="BLS12381CompleteTest" />
    <testcase name="FieldArithmeticConsistency" file="/Users/jinghuiliao/git/r3e/neo_cpp/tests/unit/cryptography/test_bls12_381_complete.cpp" line="473" status="run" result="skipped" time="0." timestamp="2025-08-15T19:52:45.233" classname="BLS12381CompleteTest">
      <skipped message="/Users/jinghuiliao/git/r3e/neo_cpp/tests/unit/cryptography/test_bls12_381_complete.cpp:476&#x0A;BLS12-381 field arithmetic needs proper implementation&#x0A;"><![CDATA[/Users/jinghuiliao/git/r3e/neo_cpp/tests/unit/cryptography/test_bls12_381_complete.cpp:476
BLS12-381 field arithmetic needs proper implementation
]]></skipped>
    </testcase>
    <testcase name="ExtensionMethods" file="/Users/jinghuiliao/git/r3e/neo_cpp/tests/unit/cryptography/test_bls12_381_complete.cpp" line="504" status="run" result="completed" time="0." timestamp="2025-08-15T19:52:45.233" classname="BLS12381CompleteTest" />
  </testsuite>
  <testsuite name="ECPointSimpleTest" tests="1" failures="0" disabled="0" skipped="0" errors="0" time="0." timestamp="2025-08-15T19:52:45.233">
    <testcase name="BasicTests" file="/Users/jinghuiliao/git/r3e/neo_cpp/tests/unit/cryptography/test_ecpoint_simple.cpp" line="6" status="run" result="completed" time="0." timestamp="2025-08-15T19:52:45.233" classname="ECPointSimpleTest" />
  </testsuite>
  <testsuite name="CryptoSimpleTest" tests="20" failures="0" disabled="0" skipped="0" errors="0" time="0." timestamp="2025-08-15T19:52:45.233">
    <testcase name="SHA256_Basic" file="/Users/jinghuiliao/git/r3e/neo_cpp/tests/unit/cryptography/test_crypto_simple.cpp" line="28" status="run" result="completed" time="0." timestamp="2025-08-15T19:52:45.233" classname="CryptoSimpleTest" />
    <testcase name="SHA256_Empty" file="/Users/jinghuiliao/git/r3e/neo_cpp/tests/unit/cryptography/test_crypto_simple.cpp" line="34" status="run" result="completed" time="0." timestamp="2025-08-15T19:52:45.233" classname="CryptoSimpleTest" />
    <testcase name="Hash256_Basic" file="/Users/jinghuiliao/git/r3e/neo_cpp/tests/unit/cryptography/test_crypto_simple.cpp" line="40" status="run" result="completed" time="0." timestamp="2025-08-15T19:52:45.233" classname="CryptoSimpleTest" />
    <testcase name="RIPEMD160_Basic" file="/Users/jinghuiliao/git/r3e/neo_cpp/tests/unit/cryptography/test_crypto_simple.cpp" line="46" status="run" result="completed" time="0." timestamp="2025-08-15T19:52:45.233" classname="CryptoSimpleTest" />
    <testcase name="Hash160_Basic" file="/Users/jinghuiliao/git/r3e/neo_cpp/tests/unit/cryptography/test_crypto_simple.cpp" line="52" status="run" result="completed" time="0." timestamp="2025-08-15T19:52:45.233" classname="CryptoSimpleTest" />
    <testcase name="GenerateRandomBytes_Size" file="/Users/jinghuiliao/git/r3e/neo_cpp/tests/unit/cryptography/test_crypto_simple.cpp" line="62" status="run" result="completed" time="0." timestamp="2025-08-15T19:52:45.233" classname="CryptoSimpleTest" />
    <testcase name="GenerateRandomBytes_Uniqueness" file="/Users/jinghuiliao/git/r3e/neo_cpp/tests/unit/cryptography/test_crypto_simple.cpp" line="72" status="run" result="completed" time="0." timestamp="2025-08-15T19:52:45.233" classname="CryptoSimpleTest" />
    <testcase name="HmacSha256_Basic" file="/Users/jinghuiliao/git/r3e/neo_cpp/tests/unit/cryptography/test_crypto_simple.cpp" line="80" status="run" result="completed" time="0." timestamp="2025-08-15T19:52:45.233" classname="CryptoSimpleTest" />
    <testcase name="Sha256_Standalone" file="/Users/jinghuiliao/git/r3e/neo_cpp/tests/unit/cryptography/test_crypto_simple.cpp" line="89" status="run" result="completed" time="0." timestamp="2025-08-15T19:52:45.233" classname="CryptoSimpleTest" />
    <testcase name="UInt256_DefaultConstructor" file="/Users/jinghuiliao/git/r3e/neo_cpp/tests/unit/cryptography/test_crypto_simple.cpp" line="99" status="run" result="completed" time="0." timestamp="2025-08-15T19:52:45.233" classname="CryptoSimpleTest" />
    <testcase name="UInt256_Parse" file="/Users/jinghuiliao/git/r3e/neo_cpp/tests/unit/cryptography/test_crypto_simple.cpp" line="104" status="run" result="completed" time="0." timestamp="2025-08-15T19:52:45.233" classname="CryptoSimpleTest" />
    <testcase name="UInt256_Comparison" file="/Users/jinghuiliao/git/r3e/neo_cpp/tests/unit/cryptography/test_crypto_simple.cpp" line="110" status="run" result="completed" time="0." timestamp="2025-08-15T19:52:45.233" classname="CryptoSimpleTest" />
    <testcase name="UInt160_DefaultConstructor" file="/Users/jinghuiliao/git/r3e/neo_cpp/tests/unit/cryptography/test_crypto_simple.cpp" line="123" status="run" result="completed" time="0." timestamp="2025-08-15T19:52:45.233" classname="CryptoSimpleTest" />
    <testcase name="UInt160_Parse" file="/Users/jinghuiliao/git/r3e/neo_cpp/tests/unit/cryptography/test_crypto_simple.cpp" line="128" status="run" result="completed" time="0." timestamp="2025-08-15T19:52:45.233" classname="CryptoSimpleTest" />
    <testcase name="ByteVector_InitializerList" file="/Users/jinghuiliao/git/r3e/neo_cpp/tests/unit/cryptography/test_crypto_simple.cpp" line="138" status="run" result="completed" time="0." timestamp="2025-08-15T19:52:45.233" classname="CryptoSimpleTest" />
    <testcase name="ByteVector_Append" file="/Users/jinghuiliao/git/r3e/neo_cpp/tests/unit/cryptography/test_crypto_simple.cpp" line="145" status="run" result="completed" time="0." timestamp="2025-08-15T19:52:45.233" classname="CryptoSimpleTest" />
    <testcase name="ByteVector_ToHexString" file="/Users/jinghuiliao/git/r3e/neo_cpp/tests/unit/cryptography/test_crypto_simple.cpp" line="154" status="run" result="completed" time="0." timestamp="2025-08-15T19:52:45.233" classname="CryptoSimpleTest" />
    <testcase name="ByteVector_FromHexString" file="/Users/jinghuiliao/git/r3e/neo_cpp/tests/unit/cryptography/test_crypto_simple.cpp" line="160" status="run" result="completed" time="0." timestamp="2025-08-15T19:52:45.233" classname="CryptoSimpleTest" />
    <testcase name="EdgeCase_EmptyInput" file="/Users/jinghuiliao/git/r3e/neo_cpp/tests/unit/cryptography/test_crypto_simple.cpp" line="173" status="run" result="completed" time="0." timestamp="2025-08-15T19:52:45.233" classname="CryptoSimpleTest" />
    <testcase name="EdgeCase_SingleByte" file="/Users/jinghuiliao/git/r3e/neo_cpp/tests/unit/cryptography/test_crypto_simple.cpp" line="183" status="run" result="completed" time="0." timestamp="2025-08-15T19:52:45.233" classname="CryptoSimpleTest" />
  </testsuite>
</testsuites>
