<?xml version="1.0" encoding="UTF-8"?>
<testsuites tests="92" failures="0" disabled="0" errors="0" time="0.019" timestamp="2025-08-15T19:52:57.493" name="AllTests">
  <testsuite name="ByteVectorTest" tests="8" failures="0" disabled="0" skipped="0" errors="0" time="0." timestamp="2025-08-15T19:52:57.493">
    <testcase name="Constructor" file="/Users/jinghuiliao/git/r3e/neo_cpp/tests/unit/io/test_byte_vector.cpp" line="6" status="run" result="completed" time="0." timestamp="2025-08-15T19:52:57.493" classname="ByteVectorTest" />
    <testcase name="AccessOperators" file="/Users/jinghuiliao/git/r3e/neo_cpp/tests/unit/io/test_byte_vector.cpp" line="31" status="run" result="completed" time="0." timestamp="2025-08-15T19:52:57.493" classname="ByteVectorTest" />
    <testcase name="Resize" file="/Users/jinghuiliao/git/r3e/neo_cpp/tests/unit/io/test_byte_vector.cpp" line="45" status="run" result="completed" time="0." timestamp="2025-08-15T19:52:57.493" classname="ByteVectorTest" />
    <testcase name="Append" file="/Users/jinghuiliao/git/r3e/neo_cpp/tests/unit/io/test_byte_vector.cpp" line="61" status="run" result="completed" time="0." timestamp="2025-08-15T19:52:57.493" classname="ByteVectorTest" />
    <testcase name="AsSpan" file="/Users/jinghuiliao/git/r3e/neo_cpp/tests/unit/io/test_byte_vector.cpp" line="73" status="run" result="completed" time="0." timestamp="2025-08-15T19:52:57.493" classname="ByteVectorTest" />
    <testcase name="ToHexString" file="/Users/jinghuiliao/git/r3e/neo_cpp/tests/unit/io/test_byte_vector.cpp" line="83" status="run" result="completed" time="0." timestamp="2025-08-15T19:52:57.493" classname="ByteVectorTest" />
    <testcase name="Parse" file="/Users/jinghuiliao/git/r3e/neo_cpp/tests/unit/io/test_byte_vector.cpp" line="89" status="run" result="completed" time="0." timestamp="2025-08-15T19:52:57.493" classname="ByteVectorTest" />
    <testcase name="Equality" file="/Users/jinghuiliao/git/r3e/neo_cpp/tests/unit/io/test_byte_vector.cpp" line="114" status="run" result="completed" time="0." timestamp="2025-08-15T19:52:57.493" classname="ByteVectorTest" />
  </testsuite>
  <testsuite name="UInt160Test" tests="8" failures="0" disabled="0" skipped="0" errors="0" time="0." timestamp="2025-08-15T19:52:57.493">
    <testcase name="Constructor" file="/Users/jinghuiliao/git/r3e/neo_cpp/tests/unit/io/test_uint160.cpp" line="6" status="run" result="completed" time="0." timestamp="2025-08-15T19:52:57.493" classname="UInt160Test" />
    <testcase name="AsSpan" file="/Users/jinghuiliao/git/r3e/neo_cpp/tests/unit/io/test_uint160.cpp" line="36" status="run" result="completed" time="0." timestamp="2025-08-15T19:52:57.493" classname="UInt160Test" />
    <testcase name="ToHexString" file="/Users/jinghuiliao/git/r3e/neo_cpp/tests/unit/io/test_uint160.cpp" line="54" status="run" result="completed" time="0." timestamp="2025-08-15T19:52:57.493" classname="UInt160Test" />
    <testcase name="Parse" file="/Users/jinghuiliao/git/r3e/neo_cpp/tests/unit/io/test_uint160.cpp" line="68" status="run" result="completed" time="0." timestamp="2025-08-15T19:52:57.493" classname="UInt160Test" />
    <testcase name="TryParse" file="/Users/jinghuiliao/git/r3e/neo_cpp/tests/unit/io/test_uint160.cpp" line="91" status="run" result="completed" time="0." timestamp="2025-08-15T19:52:57.493" classname="UInt160Test" />
    <testcase name="Equality" file="/Users/jinghuiliao/git/r3e/neo_cpp/tests/unit/io/test_uint160.cpp" line="116" status="run" result="completed" time="0." timestamp="2025-08-15T19:52:57.493" classname="UInt160Test" />
    <testcase name="Comparison" file="/Users/jinghuiliao/git/r3e/neo_cpp/tests/unit/io/test_uint160.cpp" line="142" status="run" result="completed" time="0." timestamp="2025-08-15T19:52:57.493" classname="UInt160Test" />
    <testcase name="Zero" file="/Users/jinghuiliao/git/r3e/neo_cpp/tests/unit/io/test_uint160.cpp" line="157" status="run" result="completed" time="0." timestamp="2025-08-15T19:52:57.493" classname="UInt160Test" />
  </testsuite>
  <testsuite name="UIntSimpleTest" tests="2" failures="0" disabled="0" skipped="0" errors="0" time="0." timestamp="2025-08-15T19:52:57.493">
    <testcase name="UInt160BasicTests" file="/Users/jinghuiliao/git/r3e/neo_cpp/tests/unit/io/test_uint_simple.cpp" line="7" status="run" result="completed" time="0." timestamp="2025-08-15T19:52:57.493" classname="UIntSimpleTest" />
    <testcase name="UInt256BasicTests" file="/Users/jinghuiliao/git/r3e/neo_cpp/tests/unit/io/test_uint_simple.cpp" line="22" status="run" result="completed" time="0." timestamp="2025-08-15T19:52:57.493" classname="UIntSimpleTest" />
  </testsuite>
  <testsuite name="Fixed8Test" tests="10" failures="0" disabled="0" skipped="0" errors="0" time="0." timestamp="2025-08-15T19:52:57.493">
    <testcase name="Constructor" file="/Users/jinghuiliao/git/r3e/neo_cpp/tests/unit/io/test_fixed8.cpp" line="7" status="run" result="completed" time="0." timestamp="2025-08-15T19:52:57.493" classname="Fixed8Test" />
    <testcase name="ToDouble" file="/Users/jinghuiliao/git/r3e/neo_cpp/tests/unit/io/test_fixed8.cpp" line="18" status="run" result="completed" time="0." timestamp="2025-08-15T19:52:57.493" classname="Fixed8Test" />
    <testcase name="ToString" file="/Users/jinghuiliao/git/r3e/neo_cpp/tests/unit/io/test_fixed8.cpp" line="27" status="run" result="completed" time="0." timestamp="2025-08-15T19:52:57.493" classname="Fixed8Test" />
    <testcase name="Addition" file="/Users/jinghuiliao/git/r3e/neo_cpp/tests/unit/io/test_fixed8.cpp" line="45" status="run" result="completed" time="0." timestamp="2025-08-15T19:52:57.493" classname="Fixed8Test" />
    <testcase name="Subtraction" file="/Users/jinghuiliao/git/r3e/neo_cpp/tests/unit/io/test_fixed8.cpp" line="61" status="run" result="completed" time="0." timestamp="2025-08-15T19:52:57.493" classname="Fixed8Test" />
    <testcase name="Multiplication" file="/Users/jinghuiliao/git/r3e/neo_cpp/tests/unit/io/test_fixed8.cpp" line="77" status="run" result="completed" time="0." timestamp="2025-08-15T19:52:57.493" classname="Fixed8Test" />
    <testcase name="Division" file="/Users/jinghuiliao/git/r3e/neo_cpp/tests/unit/io/test_fixed8.cpp" line="93" status="run" result="completed" time="0." timestamp="2025-08-15T19:52:57.493" classname="Fixed8Test" />
    <testcase name="Comparison" file="/Users/jinghuiliao/git/r3e/neo_cpp/tests/unit/io/test_fixed8.cpp" line="109" status="run" result="completed" time="0." timestamp="2025-08-15T19:52:57.493" classname="Fixed8Test" />
    <testcase name="FromDecimal" file="/Users/jinghuiliao/git/r3e/neo_cpp/tests/unit/io/test_fixed8.cpp" line="138" status="run" result="completed" time="0." timestamp="2025-08-15T19:52:57.493" classname="Fixed8Test" />
    <testcase name="Constants" file="/Users/jinghuiliao/git/r3e/neo_cpp/tests/unit/io/test_fixed8.cpp" line="151" status="run" result="completed" time="0." timestamp="2025-08-15T19:52:57.493" classname="Fixed8Test" />
  </testsuite>
  <testsuite name="SerializationTest" tests="5" failures="0" disabled="0" skipped="0" errors="0" time="0." timestamp="2025-08-15T19:52:57.493">
    <testcase name="BinaryWriterReader" file="/Users/jinghuiliao/git/r3e/neo_cpp/tests/unit/io/test_serialization.cpp" line="44" status="run" result="completed" time="0." timestamp="2025-08-15T19:52:57.493" classname="SerializationTest" />
    <testcase name="ToArrayFromArray" file="/Users/jinghuiliao/git/r3e/neo_cpp/tests/unit/io/test_serialization.cpp" line="66" status="run" result="completed" time="0." timestamp="2025-08-15T19:52:57.493" classname="SerializationTest" />
    <testcase name="VarInt" file="/Users/jinghuiliao/git/r3e/neo_cpp/tests/unit/io/test_serialization.cpp" line="81" status="run" result="completed" time="0." timestamp="2025-08-15T19:52:57.493" classname="SerializationTest" />
    <testcase name="VarBytes" file="/Users/jinghuiliao/git/r3e/neo_cpp/tests/unit/io/test_serialization.cpp" line="110" status="run" result="completed" time="0." timestamp="2025-08-15T19:52:57.493" classname="SerializationTest" />
    <testcase name="String" file="/Users/jinghuiliao/git/r3e/neo_cpp/tests/unit/io/test_serialization.cpp" line="137" status="run" result="completed" time="0." timestamp="2025-08-15T19:52:57.493" classname="SerializationTest" />
  </testsuite>
  <testsuite name="JsonSerializationTest" tests="2" failures="0" disabled="0" skipped="0" errors="0" time="0." timestamp="2025-08-15T19:52:57.493">
    <testcase name="SerializeDeserialize" file="/Users/jinghuiliao/git/r3e/neo_cpp/tests/unit/io/test_json_serialization.cpp" line="83" status="run" result="completed" time="0." timestamp="2025-08-15T19:52:57.493" classname="JsonSerializationTest" />
    <testcase name="DefaultValues" file="/Users/jinghuiliao/git/r3e/neo_cpp/tests/unit/io/test_json_serialization.cpp" line="167" status="run" result="completed" time="0." timestamp="2025-08-15T19:52:57.494" classname="JsonSerializationTest" />
  </testsuite>
  <testsuite name="LRUCacheTest" tests="7" failures="0" disabled="0" skipped="0" errors="0" time="0.012" timestamp="2025-08-15T19:52:57.494">
    <testcase name="Constructor" file="/Users/jinghuiliao/git/r3e/neo_cpp/tests/unit/io/test_lru_cache.cpp" line="10" status="run" result="completed" time="0." timestamp="2025-08-15T19:52:57.494" classname="LRUCacheTest" />
    <testcase name="AddAndGet" file="/Users/jinghuiliao/git/r3e/neo_cpp/tests/unit/io/test_lru_cache.cpp" line="21" status="run" result="completed" time="0." timestamp="2025-08-15T19:52:57.494" classname="LRUCacheTest" />
    <testcase name="LRUEviction" file="/Users/jinghuiliao/git/r3e/neo_cpp/tests/unit/io/test_lru_cache.cpp" line="51" status="run" result="completed" time="0." timestamp="2025-08-15T19:52:57.494" classname="LRUCacheTest" />
    <testcase name="UpdateExistingItem" file="/Users/jinghuiliao/git/r3e/neo_cpp/tests/unit/io/test_lru_cache.cpp" line="86" status="run" result="completed" time="0." timestamp="2025-08-15T19:52:57.494" classname="LRUCacheTest" />
    <testcase name="Remove" file="/Users/jinghuiliao/git/r3e/neo_cpp/tests/unit/io/test_lru_cache.cpp" line="119" status="run" result="completed" time="0." timestamp="2025-08-15T19:52:57.494" classname="LRUCacheTest" />
    <testcase name="Clear" file="/Users/jinghuiliao/git/r3e/neo_cpp/tests/unit/io/test_lru_cache.cpp" line="148" status="run" result="completed" time="0." timestamp="2025-08-15T19:52:57.494" classname="LRUCacheTest" />
    <testcase name="ThreadSafety" file="/Users/jinghuiliao/git/r3e/neo_cpp/tests/unit/io/test_lru_cache.cpp" line="169" status="run" result="completed" time="0.012" timestamp="2025-08-15T19:52:57.494" classname="LRUCacheTest" />
  </testsuite>
  <testsuite name="IOHelperTest" tests="11" failures="0" disabled="0" skipped="0" errors="0" time="0." timestamp="2025-08-15T19:52:57.506">
    <testcase name="TestBinaryReaderWriter" file="/Users/jinghuiliao/git/r3e/neo_cpp/tests/unit/io/test_io_helper.cpp" line="19" status="run" result="completed" time="0." timestamp="2025-08-15T19:52:57.506" classname="IOHelperTest" />
    <testcase name="TestUInt160Serialization" file="/Users/jinghuiliao/git/r3e/neo_cpp/tests/unit/io/test_io_helper.cpp" line="51" status="run" result="completed" time="0." timestamp="2025-08-15T19:52:57.506" classname="IOHelperTest" />
    <testcase name="TestUInt256Serialization" file="/Users/jinghuiliao/git/r3e/neo_cpp/tests/unit/io/test_io_helper.cpp" line="65" status="run" result="completed" time="0." timestamp="2025-08-15T19:52:57.506" classname="IOHelperTest" />
    <testcase name="TestVarIntSerialization" file="/Users/jinghuiliao/git/r3e/neo_cpp/tests/unit/io/test_io_helper.cpp" line="79" status="run" result="completed" time="0." timestamp="2025-08-15T19:52:57.506" classname="IOHelperTest" />
    <testcase name="TestStringEncoding" file="/Users/jinghuiliao/git/r3e/neo_cpp/tests/unit/io/test_io_helper.cpp" line="113" status="run" result="completed" time="0." timestamp="2025-08-15T19:52:57.506" classname="IOHelperTest" />
    <testcase name="TestByteArraySerialization" file="/Users/jinghuiliao/git/r3e/neo_cpp/tests/unit/io/test_io_helper.cpp" line="141" status="run" result="completed" time="0." timestamp="2025-08-15T19:52:57.506" classname="IOHelperTest" />
    <testcase name="TestEndianness" file="/Users/jinghuiliao/git/r3e/neo_cpp/tests/unit/io/test_io_helper.cpp" line="164" status="run" result="completed" time="0." timestamp="2025-08-15T19:52:57.507" classname="IOHelperTest" />
    <testcase name="TestBoundaryConditions" file="/Users/jinghuiliao/git/r3e/neo_cpp/tests/unit/io/test_io_helper.cpp" line="185" status="run" result="completed" time="0." timestamp="2025-08-15T19:52:57.507" classname="IOHelperTest" />
    <testcase name="TestErrorConditions" file="/Users/jinghuiliao/git/r3e/neo_cpp/tests/unit/io/test_io_helper.cpp" line="203" status="run" result="completed" time="0." timestamp="2025-08-15T19:52:57.507" classname="IOHelperTest" />
    <testcase name="TestMemoryReader" file="/Users/jinghuiliao/git/r3e/neo_cpp/tests/unit/io/test_io_helper.cpp" line="223" status="run" result="completed" time="0." timestamp="2025-08-15T19:52:57.507" classname="IOHelperTest" />
    <testcase name="TestRoundTripSerialization" file="/Users/jinghuiliao/git/r3e/neo_cpp/tests/unit/io/test_io_helper.cpp" line="245" status="run" result="completed" time="0." timestamp="2025-08-15T19:52:57.507" classname="IOHelperTest" />
  </testsuite>
  <testsuite name="CachingTest" tests="13" failures="0" disabled="0" skipped="0" errors="0" time="0.005" timestamp="2025-08-15T19:52:57.507">
    <testcase name="TestLRUCacheBasicOperations" file="/Users/jinghuiliao/git/r3e/neo_cpp/tests/unit/io/test_caching.cpp" line="16" status="run" result="completed" time="0." timestamp="2025-08-15T19:52:57.507" classname="CachingTest" />
    <testcase name="TestLRUCacheEviction" file="/Users/jinghuiliao/git/r3e/neo_cpp/tests/unit/io/test_caching.cpp" line="45" status="run" result="completed" time="0." timestamp="2025-08-15T19:52:57.507" classname="CachingTest" />
    <testcase name="TestLRUCacheUpdateExisting" file="/Users/jinghuiliao/git/r3e/neo_cpp/tests/unit/io/test_caching.cpp" line="64" status="run" result="completed" time="0." timestamp="2025-08-15T19:52:57.507" classname="CachingTest" />
    <testcase name="TestLRUCacheAccessOrder" file="/Users/jinghuiliao/git/r3e/neo_cpp/tests/unit/io/test_caching.cpp" line="82" status="run" result="completed" time="0." timestamp="2025-08-15T19:52:57.507" classname="CachingTest" />
    <testcase name="TestLRUCacheContains" file="/Users/jinghuiliao/git/r3e/neo_cpp/tests/unit/io/test_caching.cpp" line="102" status="run" result="completed" time="0." timestamp="2025-08-15T19:52:57.507" classname="CachingTest" />
    <testcase name="TestLRUCacheRemove" file="/Users/jinghuiliao/git/r3e/neo_cpp/tests/unit/io/test_caching.cpp" line="114" status="run" result="completed" time="0." timestamp="2025-08-15T19:52:57.507" classname="CachingTest" />
    <testcase name="TestLRUCacheClear" file="/Users/jinghuiliao/git/r3e/neo_cpp/tests/unit/io/test_caching.cpp" line="136" status="run" result="completed" time="0." timestamp="2025-08-15T19:52:57.507" classname="CachingTest" />
    <testcase name="TestLRUCacheZeroCapacity" file="/Users/jinghuiliao/git/r3e/neo_cpp/tests/unit/io/test_caching.cpp" line="154" status="run" result="completed" time="0." timestamp="2025-08-15T19:52:57.507" classname="CachingTest" />
    <testcase name="TestLRUCacheCapacityOne" file="/Users/jinghuiliao/git/r3e/neo_cpp/tests/unit/io/test_caching.cpp" line="160" status="run" result="completed" time="0." timestamp="2025-08-15T19:52:57.507" classname="CachingTest" />
    <testcase name="TestLRUCacheStringKeys" file="/Users/jinghuiliao/git/r3e/neo_cpp/tests/unit/io/test_caching.cpp" line="175" status="run" result="completed" time="0." timestamp="2025-08-15T19:52:57.507" classname="CachingTest" />
    <testcase name="TestLRUCacheComplexValues" file="/Users/jinghuiliao/git/r3e/neo_cpp/tests/unit/io/test_caching.cpp" line="197" status="run" result="completed" time="0." timestamp="2025-08-15T19:52:57.507" classname="CachingTest" />
    <testcase name="TestLRUCacheThreadSafety" file="/Users/jinghuiliao/git/r3e/neo_cpp/tests/unit/io/test_caching.cpp" line="228" status="run" result="completed" time="0." timestamp="2025-08-15T19:52:57.507" classname="CachingTest" />
    <testcase name="TestLRUCachePerformance" file="/Users/jinghuiliao/git/r3e/neo_cpp/tests/unit/io/test_caching.cpp" line="250" status="run" result="completed" time="0.005" timestamp="2025-08-15T19:52:57.507" classname="CachingTest" />
  </testsuite>
  <testsuite name="IOSimpleTest" tests="26" failures="0" disabled="0" skipped="0" errors="0" time="0." timestamp="2025-08-15T19:52:57.512">
    <testcase name="ByteVector_DefaultConstructor" file="/Users/jinghuiliao/git/r3e/neo_cpp/tests/unit/io/test_io_simple.cpp" line="28" status="run" result="completed" time="0." timestamp="2025-08-15T19:52:57.512" classname="IOSimpleTest" />
    <testcase name="ByteVector_SizeConstructor" file="/Users/jinghuiliao/git/r3e/neo_cpp/tests/unit/io/test_io_simple.cpp" line="34" status="run" result="completed" time="0." timestamp="2025-08-15T19:52:57.512" classname="IOSimpleTest" />
    <testcase name="ByteVector_InitializerList" file="/Users/jinghuiliao/git/r3e/neo_cpp/tests/unit/io/test_io_simple.cpp" line="40" status="run" result="completed" time="0." timestamp="2025-08-15T19:52:57.512" classname="IOSimpleTest" />
    <testcase name="ByteVector_Append" file="/Users/jinghuiliao/git/r3e/neo_cpp/tests/unit/io/test_io_simple.cpp" line="47" status="run" result="completed" time="0." timestamp="2025-08-15T19:52:57.512" classname="IOSimpleTest" />
    <testcase name="ByteVector_ToHexString" file="/Users/jinghuiliao/git/r3e/neo_cpp/tests/unit/io/test_io_simple.cpp" line="56" status="run" result="completed" time="0." timestamp="2025-08-15T19:52:57.512" classname="IOSimpleTest" />
    <testcase name="ByteVector_FromHexString" file="/Users/jinghuiliao/git/r3e/neo_cpp/tests/unit/io/test_io_simple.cpp" line="62" status="run" result="completed" time="0." timestamp="2025-08-15T19:52:57.512" classname="IOSimpleTest" />
    <testcase name="ByteSpan_DefaultConstructor" file="/Users/jinghuiliao/git/r3e/neo_cpp/tests/unit/io/test_io_simple.cpp" line="75" status="run" result="completed" time="0." timestamp="2025-08-15T19:52:57.512" classname="IOSimpleTest" />
    <testcase name="ByteSpan_FromByteVector" file="/Users/jinghuiliao/git/r3e/neo_cpp/tests/unit/io/test_io_simple.cpp" line="82" status="run" result="completed" time="0." timestamp="2025-08-15T19:52:57.512" classname="IOSimpleTest" />
    <testcase name="ByteSpan_FromPointer" file="/Users/jinghuiliao/git/r3e/neo_cpp/tests/unit/io/test_io_simple.cpp" line="91" status="run" result="completed" time="0." timestamp="2025-08-15T19:52:57.512" classname="IOSimpleTest" />
    <testcase name="UInt256_DefaultConstructor" file="/Users/jinghuiliao/git/r3e/neo_cpp/tests/unit/io/test_io_simple.cpp" line="104" status="run" result="completed" time="0." timestamp="2025-08-15T19:52:57.512" classname="IOSimpleTest" />
    <testcase name="UInt256_Parse" file="/Users/jinghuiliao/git/r3e/neo_cpp/tests/unit/io/test_io_simple.cpp" line="114" status="run" result="completed" time="0." timestamp="2025-08-15T19:52:57.512" classname="IOSimpleTest" />
    <testcase name="UInt256_Comparison" file="/Users/jinghuiliao/git/r3e/neo_cpp/tests/unit/io/test_io_simple.cpp" line="121" status="run" result="completed" time="0." timestamp="2025-08-15T19:52:57.512" classname="IOSimpleTest" />
    <testcase name="UInt160_DefaultConstructor" file="/Users/jinghuiliao/git/r3e/neo_cpp/tests/unit/io/test_io_simple.cpp" line="134" status="run" result="completed" time="0." timestamp="2025-08-15T19:52:57.512" classname="IOSimpleTest" />
    <testcase name="UInt160_Parse" file="/Users/jinghuiliao/git/r3e/neo_cpp/tests/unit/io/test_io_simple.cpp" line="143" status="run" result="completed" time="0." timestamp="2025-08-15T19:52:57.512" classname="IOSimpleTest" />
    <testcase name="BinaryReader_ReadBytes" file="/Users/jinghuiliao/git/r3e/neo_cpp/tests/unit/io/test_io_simple.cpp" line="154" status="run" result="completed" time="0." timestamp="2025-08-15T19:52:57.512" classname="IOSimpleTest" />
    <testcase name="BinaryReader_ReadUInt8" file="/Users/jinghuiliao/git/r3e/neo_cpp/tests/unit/io/test_io_simple.cpp" line="165" status="run" result="completed" time="0." timestamp="2025-08-15T19:52:57.512" classname="IOSimpleTest" />
    <testcase name="BinaryReader_ReadUInt16" file="/Users/jinghuiliao/git/r3e/neo_cpp/tests/unit/io/test_io_simple.cpp" line="175" status="run" result="completed" time="0." timestamp="2025-08-15T19:52:57.512" classname="IOSimpleTest" />
    <testcase name="BinaryReader_ReadUInt32" file="/Users/jinghuiliao/git/r3e/neo_cpp/tests/unit/io/test_io_simple.cpp" line="184" status="run" result="completed" time="0." timestamp="2025-08-15T19:52:57.512" classname="IOSimpleTest" />
    <testcase name="BinaryReader_ReadBool" file="/Users/jinghuiliao/git/r3e/neo_cpp/tests/unit/io/test_io_simple.cpp" line="192" status="run" result="completed" time="0." timestamp="2025-08-15T19:52:57.512" classname="IOSimpleTest" />
    <testcase name="BinaryWriter_WriteBytes" file="/Users/jinghuiliao/git/r3e/neo_cpp/tests/unit/io/test_io_simple.cpp" line="206" status="run" result="completed" time="0." timestamp="2025-08-15T19:52:57.512" classname="IOSimpleTest" />
    <testcase name="BinaryWriter_WriteUInt8" file="/Users/jinghuiliao/git/r3e/neo_cpp/tests/unit/io/test_io_simple.cpp" line="219" status="run" result="completed" time="0." timestamp="2025-08-15T19:52:57.512" classname="IOSimpleTest" />
    <testcase name="BinaryWriter_WriteUInt16" file="/Users/jinghuiliao/git/r3e/neo_cpp/tests/unit/io/test_io_simple.cpp" line="234" status="run" result="completed" time="0." timestamp="2025-08-15T19:52:57.512" classname="IOSimpleTest" />
    <testcase name="BinaryWriter_WriteUInt32" file="/Users/jinghuiliao/git/r3e/neo_cpp/tests/unit/io/test_io_simple.cpp" line="246" status="run" result="completed" time="0." timestamp="2025-08-15T19:52:57.512" classname="IOSimpleTest" />
    <testcase name="BinaryReader_ReadPastEnd" file="/Users/jinghuiliao/git/r3e/neo_cpp/tests/unit/io/test_io_simple.cpp" line="262" status="run" result="completed" time="0." timestamp="2025-08-15T19:52:57.512" classname="IOSimpleTest" />
    <testcase name="ByteVector_InvalidHexString" file="/Users/jinghuiliao/git/r3e/neo_cpp/tests/unit/io/test_io_simple.cpp" line="274" status="run" result="completed" time="0." timestamp="2025-08-15T19:52:57.512" classname="IOSimpleTest" />
    <testcase name="UInt256_InvalidParse" file="/Users/jinghuiliao/git/r3e/neo_cpp/tests/unit/io/test_io_simple.cpp" line="279" status="run" result="completed" time="0." timestamp="2025-08-15T19:52:57.512" classname="IOSimpleTest" />
  </testsuite>
</testsuites>
